{"name":"Create a new user at the Utest","id":"register-page-utest;create-a-new-user-at-the-utest","testSteps":[{"number":1,"description":"Given that a user is on the Utest page","duration":18036,"startTime":"2022-06-15T21:24:53.063199-05:00[America/Bogota]","screenshots":[{"screenshot":"fa7458cb9001a821425522e9e03f185d65c3fed2342c2674c1c22cd2297eeba9.png","timeStamp":1655346311099}],"result":"SUCCESS","precondition":false,"level":0,"lineNumber":0,"children":[{"number":2,"description":"User open up","duration":16847,"startTime":"2022-06-15T21:24:54.222688-05:00[America/Bogota]","screenshots":[{"screenshot":"fa7458cb9001a821425522e9e03f185d65c3fed2342c2674c1c22cd2297eeba9.png","timeStamp":1655346311070}],"result":"SUCCESS","precondition":false,"level":1,"lineNumber":0,"children":[{"number":3,"description":"User opens the Utest page","duration":16802,"startTime":"2022-06-15T21:24:54.252474-05:00[America/Bogota]","screenshots":[{"screenshot":"fa7458cb9001a821425522e9e03f185d65c3fed2342c2674c1c22cd2297eeba9.png","timeStamp":1655346311052}],"result":"SUCCESS","precondition":false,"level":2,"lineNumber":0}]}]},{"number":4,"description":"When click on the registration option","duration":1534,"startTime":"2022-06-15T21:25:11.101776-05:00[America/Bogota]","screenshots":[{"screenshot":"d121523c400605373d00cb39b3acc090e9f5420177951ac148f1fe02332d28ef.png","timeStamp":1655346312635}],"result":"SUCCESS","precondition":false,"level":0,"lineNumber":0,"children":[{"number":5,"description":"User login","duration":1483,"startTime":"2022-06-15T21:25:11.127065-05:00[America/Bogota]","screenshots":[{"screenshot":"d121523c400605373d00cb39b3acc090e9f5420177951ac148f1fe02332d28ef.png","timeStamp":1655346312610}],"result":"SUCCESS","precondition":false,"level":1,"lineNumber":0,"children":[{"number":6,"description":"User clicks on button that shows us the form to login","duration":1453,"startTime":"2022-06-15T21:25:11.142577-05:00[America/Bogota]","screenshots":[{"screenshot":"d121523c400605373d00cb39b3acc090e9f5420177951ac148f1fe02332d28ef.png","timeStamp":1655346312596}],"result":"SUCCESS","precondition":false,"level":2,"lineNumber":0}]}]},{"number":7,"description":"And fill out the form","duration":21936,"startTime":"2022-06-15T21:25:12.638989-05:00[America/Bogota]","exception":{"errorType":"net.thucydides.core.webdriver.exceptions.ElementShouldBeEnabledException","message":"Expected enabled element was not enabled","stackTrace":[{"classLoaderName":"app","declaringClass":"tasks.Fill","methodName":"performAs","fileName":"Fill.java","lineNumber":21,"format":1},{"classLoaderName":"app","declaringClass":"stepdefinitions.UtestRegisterStepDefinitions","methodName":"fillOutTheForm","fileName":"UtestRegisterStepDefinitions.java","lineNumber":32,"format":1},{"classLoaderName":"app","declaringClass":"cucumber.runner.Runner","methodName":"runPickle","fileName":"Runner.java","lineNumber":80,"format":1},{"classLoaderName":"app","declaringClass":"worker.org.gradle.process.internal.worker.GradleWorkerMain","methodName":"run","fileName":"GradleWorkerMain.java","lineNumber":69,"format":1},{"classLoaderName":"app","declaringClass":"worker.org.gradle.process.internal.worker.GradleWorkerMain","methodName":"main","fileName":"GradleWorkerMain.java","lineNumber":74,"format":1}],"rootCause":{"errorType":"org.openqa.selenium.TimeoutException","message":"Expected condition failed: waiting for By.xpath: //*[@id\u003d\"web-device\"]/div[2]/div[2]/div/div[1]/span to be enabled (tried for 5 second(s) with 100 milliseconds interval)","stackTrace":[{"classLoaderName":"app","declaringClass":"tasks.Fill","methodName":"performAs","fileName":"Fill.java","lineNumber":21,"format":1},{"classLoaderName":"app","declaringClass":"stepdefinitions.UtestRegisterStepDefinitions","methodName":"fillOutTheForm","fileName":"UtestRegisterStepDefinitions.java","lineNumber":32,"format":1},{"classLoaderName":"app","declaringClass":"cucumber.runner.Runner","methodName":"runPickle","fileName":"Runner.java","lineNumber":80,"format":1},{"classLoaderName":"app","declaringClass":"worker.org.gradle.process.internal.worker.GradleWorkerMain","methodName":"run","fileName":"GradleWorkerMain.java","lineNumber":69,"format":1},{"classLoaderName":"app","declaringClass":"worker.org.gradle.process.internal.worker.GradleWorkerMain","methodName":"main","fileName":"GradleWorkerMain.java","lineNumber":74,"format":1}],"rootCause":{"errorType":"org.openqa.selenium.NoSuchElementException","message":"no such element: Unable to locate element: {\"method\":\"xpath\",\"selector\":\"//*[@id\u003d\"web-device\"]/div[2]/div[2]/div/div[1]/span\"}\n  (Session info: chrome\u003d101.0.4951.41)\nFor documentation on this error, please visit: https://www.seleniumhq.org/exceptions/no_such_element.html\nBuild info: version: \u00273.141.59\u0027, revision: \u0027e82be7d358\u0027, time: \u00272018-11-14T08:17:03\u0027\nSystem info: host: \u0027emmanuelarenilla-PC\u0027, ip: \u0027127.0.1.1\u0027, os.name: \u0027Linux\u0027, os.arch: \u0027amd64\u0027, os.version: \u00275.10.101-amd64-desktop\u0027, java.version: \u002711.0.9.1\u0027\nDriver info: org.openqa.selenium.chrome.ChromeDriver\nCapabilities {acceptInsecureCerts: false, browserName: chrome, browserVersion: 101.0.4951.41, chrome: {chromedriverVersion: 101.0.4951.41 (93c720db8323..., userDataDir: /tmp/.com.google.Chrome.zYlG5Q}, goog:chromeOptions: {debuggerAddress: localhost:37231}, javascriptEnabled: true, networkConnectionEnabled: false, pageLoadStrategy: normal, platform: LINUX, platformName: LINUX, proxy: Proxy(), setWindowRect: true, strictFileInteractability: false, timeouts: {implicit: 0, pageLoad: 300000, script: 30000}, unhandledPromptBehavior: dismiss and notify, webauthn:extension:credBlob: true, webauthn:extension:largeBlob: true, webauthn:virtualAuthenticators: true}\nSession ID: 91d1431e54cb8d6591ee70ed23ce16ad\n*** Element info: {Using\u003dxpath, value\u003d//*[@id\u003d\"web-device\"]/div[2]/div[2]/div/div[1]/span}","stackTrace":[{"classLoaderName":"app","declaringClass":"tasks.Fill","methodName":"performAs","fileName":"Fill.java","lineNumber":21,"format":1},{"classLoaderName":"app","declaringClass":"stepdefinitions.UtestRegisterStepDefinitions","methodName":"fillOutTheForm","fileName":"UtestRegisterStepDefinitions.java","lineNumber":32,"format":1},{"classLoaderName":"app","declaringClass":"cucumber.runner.Runner","methodName":"runPickle","fileName":"Runner.java","lineNumber":80,"format":1},{"classLoaderName":"app","declaringClass":"worker.org.gradle.process.internal.worker.GradleWorkerMain","methodName":"run","fileName":"GradleWorkerMain.java","lineNumber":69,"format":1},{"classLoaderName":"app","declaringClass":"worker.org.gradle.process.internal.worker.GradleWorkerMain","methodName":"main","fileName":"GradleWorkerMain.java","lineNumber":74,"format":1}]}}},"result":"FAILURE","precondition":false,"level":0,"lineNumber":0,"children":[{"number":8,"description":"User fill","duration":21894,"startTime":"2022-06-15T21:25:12.658197-05:00[America/Bogota]","exception":{"errorType":"net.thucydides.core.webdriver.exceptions.ElementShouldBeEnabledException","message":"Expected enabled element was not enabled","stackTrace":[{"classLoaderName":"app","declaringClass":"tasks.Fill","methodName":"performAs","fileName":"Fill.java","lineNumber":21,"format":1},{"classLoaderName":"app","declaringClass":"stepdefinitions.UtestRegisterStepDefinitions","methodName":"fillOutTheForm","fileName":"UtestRegisterStepDefinitions.java","lineNumber":32,"format":1},{"classLoaderName":"app","declaringClass":"cucumber.runner.Runner","methodName":"runPickle","fileName":"Runner.java","lineNumber":80,"format":1},{"classLoaderName":"app","declaringClass":"worker.org.gradle.process.internal.worker.GradleWorkerMain","methodName":"run","fileName":"GradleWorkerMain.java","lineNumber":69,"format":1},{"classLoaderName":"app","declaringClass":"worker.org.gradle.process.internal.worker.GradleWorkerMain","methodName":"main","fileName":"GradleWorkerMain.java","lineNumber":74,"format":1}],"rootCause":{"errorType":"org.openqa.selenium.TimeoutException","message":"Expected condition failed: waiting for By.xpath: //*[@id\u003d\"web-device\"]/div[2]/div[2]/div/div[1]/span to be enabled (tried for 5 second(s) with 100 milliseconds interval)","stackTrace":[{"classLoaderName":"app","declaringClass":"tasks.Fill","methodName":"performAs","fileName":"Fill.java","lineNumber":21,"format":1},{"classLoaderName":"app","declaringClass":"stepdefinitions.UtestRegisterStepDefinitions","methodName":"fillOutTheForm","fileName":"UtestRegisterStepDefinitions.java","lineNumber":32,"format":1},{"classLoaderName":"app","declaringClass":"cucumber.runner.Runner","methodName":"runPickle","fileName":"Runner.java","lineNumber":80,"format":1},{"classLoaderName":"app","declaringClass":"worker.org.gradle.process.internal.worker.GradleWorkerMain","methodName":"run","fileName":"GradleWorkerMain.java","lineNumber":69,"format":1},{"classLoaderName":"app","declaringClass":"worker.org.gradle.process.internal.worker.GradleWorkerMain","methodName":"main","fileName":"GradleWorkerMain.java","lineNumber":74,"format":1}],"rootCause":{"errorType":"org.openqa.selenium.NoSuchElementException","message":"no such element: Unable to locate element: {\"method\":\"xpath\",\"selector\":\"//*[@id\u003d\"web-device\"]/div[2]/div[2]/div/div[1]/span\"}\n  (Session info: chrome\u003d101.0.4951.41)\nFor documentation on this error, please visit: https://www.seleniumhq.org/exceptions/no_such_element.html\nBuild info: version: \u00273.141.59\u0027, revision: \u0027e82be7d358\u0027, time: \u00272018-11-14T08:17:03\u0027\nSystem info: host: \u0027emmanuelarenilla-PC\u0027, ip: \u0027127.0.1.1\u0027, os.name: \u0027Linux\u0027, os.arch: \u0027amd64\u0027, os.version: \u00275.10.101-amd64-desktop\u0027, java.version: \u002711.0.9.1\u0027\nDriver info: org.openqa.selenium.chrome.ChromeDriver\nCapabilities {acceptInsecureCerts: false, browserName: chrome, browserVersion: 101.0.4951.41, chrome: {chromedriverVersion: 101.0.4951.41 (93c720db8323..., userDataDir: /tmp/.com.google.Chrome.zYlG5Q}, goog:chromeOptions: {debuggerAddress: localhost:37231}, javascriptEnabled: true, networkConnectionEnabled: false, pageLoadStrategy: normal, platform: LINUX, platformName: LINUX, proxy: Proxy(), setWindowRect: true, strictFileInteractability: false, timeouts: {implicit: 0, pageLoad: 300000, script: 30000}, unhandledPromptBehavior: dismiss and notify, webauthn:extension:credBlob: true, webauthn:extension:largeBlob: true, webauthn:virtualAuthenticators: true}\nSession ID: 91d1431e54cb8d6591ee70ed23ce16ad\n*** Element info: {Using\u003dxpath, value\u003d//*[@id\u003d\"web-device\"]/div[2]/div[2]/div/div[1]/span}","stackTrace":[{"classLoaderName":"app","declaringClass":"tasks.Fill","methodName":"performAs","fileName":"Fill.java","lineNumber":21,"format":1},{"classLoaderName":"app","declaringClass":"stepdefinitions.UtestRegisterStepDefinitions","methodName":"fillOutTheForm","fileName":"UtestRegisterStepDefinitions.java","lineNumber":32,"format":1},{"classLoaderName":"app","declaringClass":"cucumber.runner.Runner","methodName":"runPickle","fileName":"Runner.java","lineNumber":80,"format":1},{"classLoaderName":"app","declaringClass":"worker.org.gradle.process.internal.worker.GradleWorkerMain","methodName":"run","fileName":"GradleWorkerMain.java","lineNumber":69,"format":1},{"classLoaderName":"app","declaringClass":"worker.org.gradle.process.internal.worker.GradleWorkerMain","methodName":"main","fileName":"GradleWorkerMain.java","lineNumber":74,"format":1}]}}},"result":"FAILURE","precondition":false,"level":1,"lineNumber":0,"children":[{"number":9,"description":"User enters \u0027Emmanuel\u0027 into ","duration":924,"startTime":"2022-06-15T21:25:13.096296-05:00[America/Bogota]","screenshots":[{"screenshot":"3db5d9ca2d4029ce18041cfa6fd3de2a4b45ac5ca3676f6bec0abae57faa865a.png","timeStamp":1655346314020}],"result":"SUCCESS","precondition":false,"level":2,"lineNumber":0},{"number":10,"description":"User enters \u0027Arenilla\u0027 into ","duration":829,"startTime":"2022-06-15T21:25:14.026813-05:00[America/Bogota]","screenshots":[{"screenshot":"185395c10d2600fd0a3cc81f2b948d11da59ee815eea2f5587452ed8af63fbb0.png","timeStamp":1655346314855}],"result":"SUCCESS","precondition":false,"level":2,"lineNumber":0},{"number":11,"description":"User enters \u0027prueba0001@hotmail.com\u0027 into ","duration":1050,"startTime":"2022-06-15T21:25:14.858223-05:00[America/Bogota]","screenshots":[{"screenshot":"86d647af4aca9fa78ed182429eb8afae698ea33dc4618b5bd5d3f1eabb712bbf.png","timeStamp":1655346315908}],"result":"SUCCESS","precondition":false,"level":2,"lineNumber":0},{"number":12,"description":"User select October on ","duration":655,"startTime":"2022-06-15T21:25:15.911572-05:00[America/Bogota]","screenshots":[{"screenshot":"73339e7434b4382502a0824ae6e5c7aa5c27ee599433ac61c66741e28d97891e.png","timeStamp":1655346316566}],"result":"SUCCESS","precondition":false,"level":2,"lineNumber":0},{"number":13,"description":"User select 4 on ","duration":631,"startTime":"2022-06-15T21:25:16.570670-05:00[America/Bogota]","screenshots":[{"screenshot":"e7acd895f78c19f92eb81a548e85deaba699ebe687b99e855a6332886cd35342.png","timeStamp":1655346317202}],"result":"SUCCESS","precondition":false,"level":2,"lineNumber":0},{"number":14,"description":"User select 1997 on ","duration":841,"startTime":"2022-06-15T21:25:17.205239-05:00[America/Bogota]","screenshots":[{"screenshot":"d617101f6f3e579ae1a5091cc4375cfcfd0076058e78879b33a477c321608b21.png","timeStamp":1655346318047}],"result":"SUCCESS","precondition":false,"level":2,"lineNumber":0},{"number":15,"description":"User clicks on ","duration":800,"startTime":"2022-06-15T21:25:18.049387-05:00[America/Bogota]","screenshots":[{"screenshot":"0a5df96129ddb4fe7604d6baa4f64be0bef464cf95cd7d42d3bcadfb003a7bbd.png","timeStamp":1655346318850}],"result":"SUCCESS","precondition":false,"level":2,"lineNumber":0},{"number":16,"description":"User enters \u0027Medell√≠n\u0027 then hits [ARROW_DOWN] into ","duration":1249,"startTime":"2022-06-15T21:25:18.853013-05:00[America/Bogota]","screenshots":[{"screenshot":"731c96a3f8f2306a9f251b273d2939789d799de104f983c81de430617f527d19.png","timeStamp":1655346320102}],"result":"SUCCESS","precondition":false,"level":2,"lineNumber":0},{"number":17,"description":"User enters \u0027050001\u0027 into ","duration":1214,"startTime":"2022-06-15T21:25:20.107110-05:00[America/Bogota]","screenshots":[{"screenshot":"ae729f39488f8aa3d37f0dfab82483373b8422484d292ac3acbb3788f068cd41.png","timeStamp":1655346321321}],"result":"SUCCESS","precondition":false,"level":2,"lineNumber":0},{"number":18,"description":"User clicks on ","duration":1292,"startTime":"2022-06-15T21:25:21.328963-05:00[America/Bogota]","screenshots":[{"screenshot":"b713934a5ec558e282bb47ccfad7c43f846994fceb809aa07cbb86d73c361eea.png","timeStamp":1655346322621}],"result":"SUCCESS","precondition":false,"level":2,"lineNumber":0},{"number":19,"description":"User select Debian on ","duration":11911,"startTime":"2022-06-15T21:25:22.625176-05:00[America/Bogota]","screenshots":[{"screenshot":"a097f27def95a43c5614a079fd89350f00606ed9a86c680f6c3e5343ca2e9a53.png","htmlSource":"pagesource47270094159874706.html.txt","timeStamp":1655346334525}],"exception":{"errorType":"net.thucydides.core.webdriver.exceptions.ElementShouldBeEnabledException","message":"Expected enabled element was not enabled","stackTrace":[{"classLoaderName":"app","declaringClass":"tasks.Fill","methodName":"performAs","fileName":"Fill.java","lineNumber":21,"format":1},{"classLoaderName":"app","declaringClass":"stepdefinitions.UtestRegisterStepDefinitions","methodName":"fillOutTheForm","fileName":"UtestRegisterStepDefinitions.java","lineNumber":32,"format":1},{"classLoaderName":"app","declaringClass":"cucumber.runner.Runner","methodName":"runPickle","fileName":"Runner.java","lineNumber":80,"format":1},{"classLoaderName":"app","declaringClass":"worker.org.gradle.process.internal.worker.GradleWorkerMain","methodName":"run","fileName":"GradleWorkerMain.java","lineNumber":69,"format":1},{"classLoaderName":"app","declaringClass":"worker.org.gradle.process.internal.worker.GradleWorkerMain","methodName":"main","fileName":"GradleWorkerMain.java","lineNumber":74,"format":1}],"rootCause":{"errorType":"org.openqa.selenium.TimeoutException","message":"Expected condition failed: waiting for By.xpath: //*[@id\u003d\"web-device\"]/div[2]/div[2]/div/div[1]/span to be enabled (tried for 5 second(s) with 100 milliseconds interval)","stackTrace":[{"classLoaderName":"app","declaringClass":"tasks.Fill","methodName":"performAs","fileName":"Fill.java","lineNumber":21,"format":1},{"classLoaderName":"app","declaringClass":"stepdefinitions.UtestRegisterStepDefinitions","methodName":"fillOutTheForm","fileName":"UtestRegisterStepDefinitions.java","lineNumber":32,"format":1},{"classLoaderName":"app","declaringClass":"cucumber.runner.Runner","methodName":"runPickle","fileName":"Runner.java","lineNumber":80,"format":1},{"classLoaderName":"app","declaringClass":"worker.org.gradle.process.internal.worker.GradleWorkerMain","methodName":"run","fileName":"GradleWorkerMain.java","lineNumber":69,"format":1},{"classLoaderName":"app","declaringClass":"worker.org.gradle.process.internal.worker.GradleWorkerMain","methodName":"main","fileName":"GradleWorkerMain.java","lineNumber":74,"format":1}],"rootCause":{"errorType":"org.openqa.selenium.NoSuchElementException","message":"no such element: Unable to locate element: {\"method\":\"xpath\",\"selector\":\"//*[@id\u003d\"web-device\"]/div[2]/div[2]/div/div[1]/span\"}\n  (Session info: chrome\u003d101.0.4951.41)\nFor documentation on this error, please visit: https://www.seleniumhq.org/exceptions/no_such_element.html\nBuild info: version: \u00273.141.59\u0027, revision: \u0027e82be7d358\u0027, time: \u00272018-11-14T08:17:03\u0027\nSystem info: host: \u0027emmanuelarenilla-PC\u0027, ip: \u0027127.0.1.1\u0027, os.name: \u0027Linux\u0027, os.arch: \u0027amd64\u0027, os.version: \u00275.10.101-amd64-desktop\u0027, java.version: \u002711.0.9.1\u0027\nDriver info: org.openqa.selenium.chrome.ChromeDriver\nCapabilities {acceptInsecureCerts: false, browserName: chrome, browserVersion: 101.0.4951.41, chrome: {chromedriverVersion: 101.0.4951.41 (93c720db8323..., userDataDir: /tmp/.com.google.Chrome.zYlG5Q}, goog:chromeOptions: {debuggerAddress: localhost:37231}, javascriptEnabled: true, networkConnectionEnabled: false, pageLoadStrategy: normal, platform: LINUX, platformName: LINUX, proxy: Proxy(), setWindowRect: true, strictFileInteractability: false, timeouts: {implicit: 0, pageLoad: 300000, script: 30000}, unhandledPromptBehavior: dismiss and notify, webauthn:extension:credBlob: true, webauthn:extension:largeBlob: true, webauthn:virtualAuthenticators: true}\nSession ID: 91d1431e54cb8d6591ee70ed23ce16ad\n*** Element info: {Using\u003dxpath, value\u003d//*[@id\u003d\"web-device\"]/div[2]/div[2]/div/div[1]/span}","stackTrace":[{"classLoaderName":"app","declaringClass":"tasks.Fill","methodName":"performAs","fileName":"Fill.java","lineNumber":21,"format":1},{"classLoaderName":"app","declaringClass":"stepdefinitions.UtestRegisterStepDefinitions","methodName":"fillOutTheForm","fileName":"UtestRegisterStepDefinitions.java","lineNumber":32,"format":1},{"classLoaderName":"app","declaringClass":"cucumber.runner.Runner","methodName":"runPickle","fileName":"Runner.java","lineNumber":80,"format":1},{"classLoaderName":"app","declaringClass":"worker.org.gradle.process.internal.worker.GradleWorkerMain","methodName":"run","fileName":"GradleWorkerMain.java","lineNumber":69,"format":1},{"classLoaderName":"app","declaringClass":"worker.org.gradle.process.internal.worker.GradleWorkerMain","methodName":"main","fileName":"GradleWorkerMain.java","lineNumber":74,"format":1}]}}},"result":"FAILURE","precondition":false,"level":2,"lineNumber":0}]}]},{"number":20,"description":"Then a new user is created","duration":5,"startTime":"2022-06-15T21:25:34.618300-05:00[America/Bogota]","result":"SKIPPED","precondition":false,"level":0,"lineNumber":0}],"userStory":{"id":"register-page-utest","storyName":"Register page Utest","path":"utestRegister.feature","narrative":"    As a user, I want to automate in screenplay the page Utest","type":"feature"},"featureTag":{"name":"Register page Utest","type":"feature","displayName":"Register page Utest"},"title":"Create a new user at the Utest","tags":[{"name":"scenario1","type":"tag","displayName":"scenario1"},{"name":"stories","type":"tag","displayName":"stories"},{"name":"Register page Utest","type":"feature","displayName":"Register page Utest"}],"startTime":"2022-06-15T21:24:52.819332-05:00[America/Bogota]","duration":41811,"testFailureCause":{"errorType":"net.thucydides.core.webdriver.exceptions.ElementShouldBeEnabledException","message":"Expected enabled element was not enabled","stackTrace":[{"classLoaderName":"app","declaringClass":"tasks.Fill","methodName":"performAs","fileName":"Fill.java","lineNumber":21,"format":1},{"classLoaderName":"app","declaringClass":"stepdefinitions.UtestRegisterStepDefinitions","methodName":"fillOutTheForm","fileName":"UtestRegisterStepDefinitions.java","lineNumber":32,"format":1},{"classLoaderName":"app","declaringClass":"cucumber.runner.Runner","methodName":"runPickle","fileName":"Runner.java","lineNumber":80,"format":1},{"classLoaderName":"app","declaringClass":"worker.org.gradle.process.internal.worker.GradleWorkerMain","methodName":"run","fileName":"GradleWorkerMain.java","lineNumber":69,"format":1},{"classLoaderName":"app","declaringClass":"worker.org.gradle.process.internal.worker.GradleWorkerMain","methodName":"main","fileName":"GradleWorkerMain.java","lineNumber":74,"format":1}],"rootCause":{"errorType":"org.openqa.selenium.TimeoutException","message":"Expected condition failed: waiting for By.xpath: //*[@id\u003d\"web-device\"]/div[2]/div[2]/div/div[1]/span to be enabled (tried for 5 second(s) with 100 milliseconds interval)","stackTrace":[{"classLoaderName":"app","declaringClass":"tasks.Fill","methodName":"performAs","fileName":"Fill.java","lineNumber":21,"format":1},{"classLoaderName":"app","declaringClass":"stepdefinitions.UtestRegisterStepDefinitions","methodName":"fillOutTheForm","fileName":"UtestRegisterStepDefinitions.java","lineNumber":32,"format":1},{"classLoaderName":"app","declaringClass":"cucumber.runner.Runner","methodName":"runPickle","fileName":"Runner.java","lineNumber":80,"format":1},{"classLoaderName":"app","declaringClass":"worker.org.gradle.process.internal.worker.GradleWorkerMain","methodName":"run","fileName":"GradleWorkerMain.java","lineNumber":69,"format":1},{"classLoaderName":"app","declaringClass":"worker.org.gradle.process.internal.worker.GradleWorkerMain","methodName":"main","fileName":"GradleWorkerMain.java","lineNumber":74,"format":1}],"rootCause":{"errorType":"org.openqa.selenium.NoSuchElementException","message":"no such element: Unable to locate element: {\"method\":\"xpath\",\"selector\":\"//*[@id\u003d\"web-device\"]/div[2]/div[2]/div/div[1]/span\"}\n  (Session info: chrome\u003d101.0.4951.41)\nFor documentation on this error, please visit: https://www.seleniumhq.org/exceptions/no_such_element.html\nBuild info: version: \u00273.141.59\u0027, revision: \u0027e82be7d358\u0027, time: \u00272018-11-14T08:17:03\u0027\nSystem info: host: \u0027emmanuelarenilla-PC\u0027, ip: \u0027127.0.1.1\u0027, os.name: \u0027Linux\u0027, os.arch: \u0027amd64\u0027, os.version: \u00275.10.101-amd64-desktop\u0027, java.version: \u002711.0.9.1\u0027\nDriver info: org.openqa.selenium.chrome.ChromeDriver\nCapabilities {acceptInsecureCerts: false, browserName: chrome, browserVersion: 101.0.4951.41, chrome: {chromedriverVersion: 101.0.4951.41 (93c720db8323..., userDataDir: /tmp/.com.google.Chrome.zYlG5Q}, goog:chromeOptions: {debuggerAddress: localhost:37231}, javascriptEnabled: true, networkConnectionEnabled: false, pageLoadStrategy: normal, platform: LINUX, platformName: LINUX, proxy: Proxy(), setWindowRect: true, strictFileInteractability: false, timeouts: {implicit: 0, pageLoad: 300000, script: 30000}, unhandledPromptBehavior: dismiss and notify, webauthn:extension:credBlob: true, webauthn:extension:largeBlob: true, webauthn:virtualAuthenticators: true}\nSession ID: 91d1431e54cb8d6591ee70ed23ce16ad\n*** Element info: {Using\u003dxpath, value\u003d//*[@id\u003d\"web-device\"]/div[2]/div[2]/div/div[1]/span}","stackTrace":[{"classLoaderName":"app","declaringClass":"tasks.Fill","methodName":"performAs","fileName":"Fill.java","lineNumber":21,"format":1},{"classLoaderName":"app","declaringClass":"stepdefinitions.UtestRegisterStepDefinitions","methodName":"fillOutTheForm","fileName":"UtestRegisterStepDefinitions.java","lineNumber":32,"format":1},{"classLoaderName":"app","declaringClass":"cucumber.runner.Runner","methodName":"runPickle","fileName":"Runner.java","lineNumber":80,"format":1},{"classLoaderName":"app","declaringClass":"worker.org.gradle.process.internal.worker.GradleWorkerMain","methodName":"run","fileName":"GradleWorkerMain.java","lineNumber":69,"format":1},{"classLoaderName":"app","declaringClass":"worker.org.gradle.process.internal.worker.GradleWorkerMain","methodName":"main","fileName":"GradleWorkerMain.java","lineNumber":74,"format":1}]}}},"testFailureClassname":"net.thucydides.core.webdriver.exceptions.ElementShouldBeEnabledException","testFailureMessage":"Expected enabled element was not enabled","testFailureSummary":"FAILURE;net.thucydides.core.webdriver.exceptions.ElementShouldBeEnabledException;Expected enabled element was not enabled;Fill.java","projectKey":"","annotatedResult":"FAILURE","sessionId":"91d1431e54cb8d6591ee70ed23ce16ad","driver":"chrome:user","isManualTestingUpToDate":false,"manual":false,"testSource":"Cucumber","actors":[{"name":"User","can":["browse the web"]}],"result":"FAILURE"}