<?xml version="1.0" encoding="UTF-8"?><testsuite errors="1" failures="0" name="Academy Choucair" skipped="0" tests="1" time="18.94" timestamp="2022-06-14 06:39:14"><testcase name="Search for a automation course"><error message="Arity mismatch: Step Definition 'stepdefinitions.ChoucairAcademyStepDefinitions.heSearchForTheCourseRecursosAutomatizaciónBancolombiaOnTheChoucairAcademyPlatform(AcademyChoucairData&gt;) in file:/home/emmanuelarenilla/IdeaProjects/utestPrueba/build/classes/java/test/' with pattern [^he search for the course (.*) on the choucair academy platform$] is declared with 1 parameters. However, the gherkin step has 2 arguments [, Table:[[strCourse], [Metodología Bancolombia]]]. &#10;Step text: he search for the course  on the choucair academy platform" type="cucumber.runtime.CucumberException">Arity mismatch: Step Definition 'stepdefinitions.ChoucairAcademyStepDefinitions.heSearchForTheCourseRecursosAutomatizaciónBancolombiaOnTheChoucairAcademyPlatform(AcademyChoucairData&gt;) in file:/home/emmanuelarenilla/IdeaProjects/utestPrueba/build/classes/java/test/' with pattern [^he search for the course (.*) on the choucair academy platform$] is declared with 1 parameters. However, the gherkin step has 2 arguments [, Table:[[strCourse], [Metodología Bancolombia]]]. 
Step text: he search for the course  on the choucair academy platform</error><system-err>Arity mismatch: Step Definition 'stepdefinitions.ChoucairAcademyStepDefinitions.heSearchForTheCourseRecursosAutomatizaciónBancolombiaOnTheChoucairAcademyPlatform(AcademyChoucairData&gt;) in file:/home/emmanuelarenilla/IdeaProjects/utestPrueba/build/classes/java/test/' with pattern [^he search for the course (.*) on the choucair academy platform$] is declared with 1 parameters. However, the gherkin step has 2 arguments [, Table:[[strCourse], [Metodología Bancolombia]]]. 
Step text: he search for the course  on the choucair academy platform
cucumber.runner.Runner.runPickle(Runner.java:80)
worker.org.gradle.process.internal.worker.GradleWorkerMain.run(GradleWorkerMain.java:69)
worker.org.gradle.process.internal.worker.GradleWorkerMain.main(GradleWorkerMain.java:74)
</system-err></testcase></testsuite>