<?xml version="1.0" encoding="UTF-8"?><testsuite errors="0" failures="1" name="Register page Utest" skipped="0" tests="1" time="41.81" timestamp="2022-06-15 09:24:52"><testcase name="Create a new user at the Utest"><failure message="Expected enabled element was not enabled" type="net.thucydides.core.webdriver.exceptions.ElementShouldBeEnabledException">Expected enabled element was not enabled</failure><system-err>Expected enabled element was not enabled
tasks.Fill.performAs(Fill.java:21)
stepdefinitions.UtestRegisterStepDefinitions.fillOutTheForm(UtestRegisterStepDefinitions.java:32)
cucumber.runner.Runner.runPickle(Runner.java:80)
worker.org.gradle.process.internal.worker.GradleWorkerMain.run(GradleWorkerMain.java:69)
worker.org.gradle.process.internal.worker.GradleWorkerMain.main(GradleWorkerMain.java:74)
</system-err></testcase></testsuite>